<?xml version="1.0" encoding="UTF-8"?>
<!-- Generated by org.testng.reporters.JUnitReportReporter -->
<testsuite hostname="SidShru" failures="0" tests="1" name="shrutika.Assignment11" time="2.383" errors="0" timestamp="2023-11-28T22:00:35 IST" skipped="0">
  <testcase classname="shrutika.Assignment11" name="verifyBasicElementCheckboxAndRadio" time="2.383"/>
  <system-out/>
</testsuite> <!-- shrutika.Assignment11 -->
