<?xml version="1.0" encoding="UTF-8"?>
<!-- Generated by org.testng.reporters.JUnitReportReporter -->
<testsuite hostname="SidShru" failures="0" tests="1" name="shrutika.Assignment12" time="1.000" errors="0" timestamp="2023-11-29T23:03:51 IST" skipped="0">
  <testcase classname="shrutika.Assignment12" name="verifyDemoTableRownNColumns" time="1.000"/>
  <system-out/>
</testsuite> <!-- shrutika.Assignment12 -->
