<?xml version="1.0" encoding="UTF-8"?>
<!-- Generated by org.testng.reporters.JUnitReportReporter -->
<testsuite hostname="SidShru" failures="0" tests="1" name="shrutika.Assignment13" time="2.182" errors="0" timestamp="2023-12-01T23:15:10 IST" skipped="0">
  <testcase classname="shrutika.Assignment13" name="printLastRowData" time="2.182"/>
  <system-out/>
</testsuite> <!-- shrutika.Assignment13 -->
